# JRE version: OpenJDK Runtime Environment (21.0.8) (build 21.0.8+-14196175-b1038.72)
# Java VM: OpenJDK 64-Bit Server VM (21.0.8+-14196175-b1038.72, mixed mode, tiered, compressed oops, compressed class ptrs, g1 gc, windows-amd64)
GC Precious Log:
 CardTable entry size: 512
 Card Set container configuration: InlinePtr #cards 5 size 8 Array Of Cards #cards 12 size 40 Howl #buckets 4 coarsen threshold 1843 Howl Bitmap #cards 512 size 80 coarsen threshold 460 Card regions per heap region 1 cards per card region 2048
 CPUs: 12 total, 12 available
 Memory: 15751M
 Large Page Support: Disabled
 NUMA Support: Disabled
 Compressed Oops: Enabled (32-bit)
 Heap Region Size: 1M
 Heap Min Capacity: 8M
 Heap Initial Capacity: 248M
 Heap Max Capacity: 2G
 Pre-touch: Disabled
 Parallel Workers: 10
 Concurrent Workers: 3
 Concurrent Refinement Workers: 10
 Periodic GC: Disabled
Heap:
 garbage-first heap   total 242688K, used 216870K [0x0000000080000000, 0x0000000100000000)
  region size 1024K, 86 young (88064K), 11 survivors (11264K)
 Metaspace       used 127708K, committed 129984K, reserved 1179648K
  class space    used 17900K, committed 19008K, reserved 1048576K
GC Heap History (20 events):
Event: 892.214 GC heap after
{Heap after GC invocations=52 (full 0):
 garbage-first heap   total 176128K, used 119941K [0x0000000080000000, 0x0000000100000000)
  region size 1024K, 4 young (4096K), 4 survivors (4096K)
 Metaspace       used 119564K, committed 121792K, reserved 1179648K
  class space    used 16916K, committed 17984K, reserved 1048576K
}
Event: 892.560 GC heap before
{Heap before GC invocations=53 (full 0):
 garbage-first heap   total 201728K, used 159877K [0x0000000080000000, 0x0000000100000000)
  region size 1024K, 43 young (44032K), 4 survivors (4096K)
 Metaspace       used 119565K, committed 121792K, reserved 1179648K
  class space    used 16916K, committed 17984K, reserved 1048576K
}
Event: 892.564 GC heap after
{Heap after GC invocations=54 (full 0):
 garbage-first heap   total 201728K, used 120743K [0x0000000080000000, 0x0000000100000000)
  region size 1024K, 4 young (4096K), 4 survivors (4096K)
 Metaspace       used 119565K, committed 121792K, reserved 1179648K
  class space    used 16916K, committed 17984K, reserved 1048576K
}
Event: 893.123 GC heap before
{Heap before GC invocations=54 (full 0):
 garbage-first heap   total 201728K, used 183207K [0x0000000080000000, 0x0000000100000000)
  region size 1024K, 66 young (67584K), 4 survivors (4096K)
 Metaspace       used 119577K, committed 121792K, reserved 1179648K
  class space    used 16917K, committed 17984K, reserved 1048576K
}
Event: 893.132 GC heap after
{Heap after GC invocations=55 (full 0):
 garbage-first heap   total 201728K, used 121316K [0x0000000080000000, 0x0000000100000000)
  region size 1024K, 5 young (5120K), 5 survivors (5120K)
 Metaspace       used 119577K, committed 121792K, reserved 1179648K
  class space    used 16917K, committed 17984K, reserved 1048576K
}
Event: 893.793 GC heap before
{Heap before GC invocations=55 (full 0):
 garbage-first heap   total 201728K, used 183780K [0x0000000080000000, 0x0000000100000000)
  region size 1024K, 67 young (68608K), 5 survivors (5120K)
 Metaspace       used 120389K, committed 122560K, reserved 1179648K
  class space    used 17032K, committed 18112K, reserved 1048576K
}
Event: 893.808 GC heap after
{Heap after GC invocations=56 (full 0):
 garbage-first heap   total 242688K, used 119635K [0x0000000080000000, 0x0000000100000000)
  region size 1024K, 7 young (7168K), 7 survivors (7168K)
 Metaspace       used 120389K, committed 122560K, reserved 1179648K
  class space    used 17032K, committed 18112K, reserved 1048576K
}
Event: 894.205 GC heap before
{Heap before GC invocations=56 (full 0):
 garbage-first heap   total 242688K, used 219987K [0x0000000080000000, 0x0000000100000000)
  region size 1024K, 106 young (108544K), 7 survivors (7168K)
 Metaspace       used 120434K, committed 122624K, reserved 1179648K
  class space    used 17034K, committed 18112K, reserved 1048576K
}
Event: 894.211 GC heap after
{Heap after GC invocations=57 (full 0):
 garbage-first heap   total 242688K, used 121899K [0x0000000080000000, 0x0000000100000000)
  region size 1024K, 9 young (9216K), 9 survivors (9216K)
 Metaspace       used 120434K, committed 122624K, reserved 1179648K
  class space    used 17034K, committed 18112K, reserved 1048576K
}
Event: 895.425 GC heap before
{Heap before GC invocations=58 (full 0):
 garbage-first heap   total 242688K, used 220203K [0x0000000080000000, 0x0000000100000000)
  region size 1024K, 104 young (106496K), 9 survivors (9216K)
 Metaspace       used 120497K, committed 122688K, reserved 1179648K
  class space    used 17037K, committed 18112K, reserved 1048576K
}
Event: 895.435 GC heap after
{Heap after GC invocations=59 (full 0):
 garbage-first heap   total 242688K, used 127328K [0x0000000080000000, 0x0000000100000000)
  region size 1024K, 11 young (11264K), 11 survivors (11264K)
 Metaspace       used 120497K, committed 122688K, reserved 1179648K
  class space    used 17037K, committed 18112K, reserved 1048576K
}
Event: 895.738 GC heap before
{Heap before GC invocations=59 (full 0):
 garbage-first heap   total 242688K, used 216416K [0x0000000080000000, 0x0000000100000000)
  region size 1024K, 99 young (101376K), 11 survivors (11264K)
 Metaspace       used 120553K, committed 122752K, reserved 1179648K
  class space    used 17042K, committed 18112K, reserved 1048576K
}
Event: 895.749 GC heap after
{Heap after GC invocations=60 (full 0):
 garbage-first heap   total 242688K, used 128398K [0x0000000080000000, 0x0000000100000000)
  region size 1024K, 6 young (6144K), 6 survivors (6144K)
 Metaspace       used 120553K, committed 122752K, reserved 1179648K
  class space    used 17042K, committed 18112K, reserved 1048576K
}
Event: 896.432 GC heap before
{Heap before GC invocations=60 (full 0):
 garbage-first heap   total 242688K, used 221582K [0x0000000080000000, 0x0000000100000000)
  region size 1024K, 98 young (100352K), 6 survivors (6144K)
 Metaspace       used 120889K, committed 123008K, reserved 1179648K
  class space    used 17075K, committed 18112K, reserved 1048576K
}
Event: 896.439 GC heap after
{Heap after GC invocations=61 (full 0):
 garbage-first heap   total 242688K, used 132338K [0x0000000080000000, 0x0000000100000000)
  region size 1024K, 10 young (10240K), 10 survivors (10240K)
 Metaspace       used 120889K, committed 123008K, reserved 1179648K
  class space    used 17075K, committed 18112K, reserved 1048576K
}
Event: 897.686 GC heap before
{Heap before GC invocations=62 (full 0):
 garbage-first heap   total 242688K, used 217330K [0x0000000080000000, 0x0000000100000000)
  region size 1024K, 94 young (96256K), 10 survivors (10240K)
 Metaspace       used 124601K, committed 126784K, reserved 1179648K
  class space    used 17564K, committed 18624K, reserved 1048576K
}
Event: 897.696 GC heap after
{Heap after GC invocations=63 (full 0):
 garbage-first heap   total 242688K, used 137352K [0x0000000080000000, 0x0000000100000000)
  region size 1024K, 8 young (8192K), 8 survivors (8192K)
 Metaspace       used 124601K, committed 126784K, reserved 1179648K
  class space    used 17564K, committed 18624K, reserved 1048576K
}
Event: 911.932 GC heap before
{Heap before GC invocations=63 (full 0):
 garbage-first heap   total 242688K, used 224392K [0x0000000080000000, 0x0000000100000000)
  region size 1024K, 89 young (91136K), 8 survivors (8192K)
 Metaspace       used 126990K, committed 129280K, reserved 1179648K
  class space    used 17813K, committed 18944K, reserved 1048576K
}
Event: 911.944 GC heap after
{Heap after GC invocations=64 (full 0):
 garbage-first heap   total 242688K, used 140196K [0x0000000080000000, 0x0000000100000000)
  region size 1024K, 7 young (7168K), 7 survivors (7168K)
 Metaspace       used 126990K, committed 129280K, reserved 1179648K
  class space    used 17813K, committed 18944K, reserved 1048576K
}
Event: 912.331 GC heap before
{Heap before GC invocations=64 (full 0):
 garbage-first heap   total 242688K, used 214948K [0x0000000080000000, 0x0000000100000000)
  region size 1024K, 82 young (83968K), 7 survivors (7168K)
 Metaspace       used 127708K, committed 129984K, reserved 1179648K
  class space    used 17900K, committed 19008K, reserved 1048576K
}

